 ETA_AV=  0.162589386  0.162593946
      0.0400     4.3240623     0.2824501
      0.0900     3.9767885     0.2541164
      0.1400     3.6621082     0.2319720
      0.1900     3.3207858     0.2114927
      0.2400     3.0049198     0.1951303
      0.2900     2.7379785     0.1812669
      0.3400     2.5278015     0.1744152
      0.3900     2.3359528     0.1652148
      0.4400     2.2311735     0.1655609
      0.4900     2.1303520     0.1623447
      0.5900     0.7732230     0.4740586
      0.6900     0.8308561     0.5701383
      0.7900     0.9408678     0.7087485
      0.8900     1.1454014     0.9832044
      0.9900     1.4562712     1.3825825
      1.0900     1.2461392     1.5085768
      1.1900     0.7908915     1.5388061
      1.2900     0.4098851     1.6202576
      1.3900     0.2122904     1.6739539
      1.4900     0.1201960     1.6524138
      1.5900     0.0863128     1.7565644
      1.6900     0.0698429     1.9022119
      1.7900     0.0620816     2.0284102
      1.8900     0.0572084     2.1121044
      1.9900     0.0528017     2.1035018
      2.0900     0.0483713     2.0096729
      2.1900     0.0461014     1.9471000
      2.2900     0.0505811     1.9277195
      2.3900     0.0620269     1.9356560
      2.4900     0.0866491     1.9141577
      2.5900     0.1221965     1.9433798
      2.6900     0.1851920     1.8904217
      2.7900     0.2748925     1.8277266
      2.8900     0.3883645     1.7360349
      2.9900     0.5678273     1.5248555
      3.0900     0.7498367     1.3302519
      3.1900     0.9813161     1.0943779
      3.2900     1.2584780     0.8444895
      3.3900     1.4542356     0.6545051
      3.4900     1.7106059     0.4724384
      3.5900     1.8399436     0.3473128
      3.6900     1.9889660     0.2488925
      3.7900     2.1431651     0.1754359
      3.8900     2.1776693     0.1310027
      3.9900     2.2726765     0.0998453
      4.0900     2.2869828     0.0837092
      4.1900     2.3240814     0.0758077
      4.2900     2.3176014     0.0766421
      4.3900     2.3081765     0.0850878
      4.4900     2.2606084     0.1028571
      4.5900     2.1858156     0.1328309
      4.6900     2.0855544     0.1864190
      4.7900     1.9717674     0.2608365
      4.8900     1.8746330     0.3602524
      4.9900     1.6774179     0.4979133
      5.0900     1.4464178     0.6705492
      5.1900     1.1730564     0.9012513
      5.2900     0.9281781     1.1305860
      5.3900     0.7258497     1.3340350
      5.4900     0.5278485     1.5334448
      5.5900     0.3733425     1.6989715
      5.6900     0.2518522     1.8464028
      5.7900     0.1750905     1.9209824
      5.8900     0.1272809     1.9400350
      5.9900     0.0939563     1.9627199
      6.0900     0.0743018     1.9748327
      6.1900     0.0639361     1.9862912
      6.2900     0.0621407     1.9770621
      6.3900     0.0677190     1.9659858
      6.4900     0.0806721     1.9601958
      6.5900     0.1049846     1.9358734
      6.6900     0.1481308     1.8775049
      6.7900     0.2107124     1.8101753
      6.8900     0.3015064     1.7111027
      6.9900     0.4138380     1.5993768
      7.0900     0.5713008     1.4304436
      7.1900     0.7829188     1.2106555
      7.2900     1.0062176     1.0086378
      7.3900     1.2425479     0.8135189
      7.4900     1.4329886     0.6483601
      7.5900     1.6412984     0.5010241
      7.6900     1.8396964     0.3765194
      7.7900     1.9589382     0.2916380
      7.8900     2.0397420     0.2329605
      7.9900     2.0648265     0.1965318
      8.0900     2.1144052     0.1743294
      8.1900     2.1191466     0.1677272
      8.2900     2.1066573     0.1734221
      8.3900     2.0972807     0.1928492
      8.4900     2.0542860     0.2288284
      8.5900     1.9362922     0.2868121
      8.6900     1.8467611     0.3634667
      8.7900     1.6433910     0.4782016
      8.8900     1.4760555     0.6079661
      8.9900     1.2599616     0.7778917
      9.0900     1.0035219     0.9802636
      9.1900     0.8182181     1.1646028
      9.2900     0.6128762     1.3776882
      9.3900     0.4738012     1.5290208
      9.4900     0.3532928     1.6699593
      9.5900     0.2590467     1.7915450
      9.6900     0.2029952     1.8388489
      9.7900     0.1611962     1.8910161
      9.8900     0.1405247     1.9026488
      9.9900     0.1314489     1.9162159
