 ETA_AV=  0.152655631  0.152655631
      0.0400     2.0892406     2.0892406
      0.0900     1.8603996     1.8603996
      0.1400     1.6614754     1.6614754
      0.1900     1.4873852     1.4873852
      0.2400     1.3390676     1.3390676
      0.2900     1.2135348     1.2135348
      0.3400     1.1146163     1.1146163
      0.3900     1.0241158     1.0241158
      0.4400     0.9609096     0.9609096
      0.4900     0.9046940     0.9046940
      0.5900     0.8432720     0.8432720
      0.6900     0.8374031     0.8374031
      0.7900     0.8784745     0.8784745
      0.8900     0.9825941     0.9825941
      0.9900     1.1543401     1.1543401
      1.0900     1.1292955     1.1292955
      1.1900     1.0626886     1.0626886
      1.2900     1.0110117     1.0110117
      1.3900     0.9757525     0.9757525
      1.4900     0.9582352     0.9582352
      1.5900     0.9573976     0.9573976
      1.6900     0.9680740     0.9680740
      1.7900     0.9868003     0.9868003
      1.8900     1.0074345     1.0074345
      1.9900     1.0200553     1.0200553
      2.0900     1.0184697     1.0184697
      2.1900     1.0104086     1.0104086
      2.2900     1.0023675     1.0023675
      2.3900     0.9965207     0.9965207
      2.4900     0.9935199     0.9935199
      2.5900     0.9939790     0.9939790
      2.6900     0.9964323     0.9964323
      2.7900     0.9995824     0.9995824
      2.8900     1.0019534     1.0019534
      2.9900     1.0028868     1.0028868
      3.0900     1.0022544     1.0022544
      3.1900     1.0010241     1.0010241
      3.2900     0.9998327     0.9998327
      3.3900     0.9991328     0.9991328
      3.4900     0.9989501     0.9989501
      3.5900     0.9992432     0.9992432
      3.6900     0.9997281     0.9997281
      3.7900     1.0001961     1.0001961
      3.8900     1.0004491     1.0004491
      3.9900     1.0004721     1.0004721
      4.0900     1.0003258     1.0003258
      4.1900     1.0001122     1.0001122
      4.2900     0.9999551     0.9999551
      4.3900     0.9998801     0.9998801
      4.4900     0.9998866     0.9998866
      4.5900     0.9999446     0.9999446
      4.6900     1.0000188     1.0000188
      4.7900     1.0000756     1.0000756
      4.8900     1.0000985     1.0000985
      4.9900     1.0000919     1.0000919
      5.0900     1.0000678     1.0000678
      5.1900     1.0000389     1.0000389
      5.2900     1.0000231     1.0000231
      5.3900     1.0000157     1.0000157
      5.4900     1.0000223     1.0000223
      5.5900     1.0000364     1.0000364
      5.6900     1.0000392     1.0000392
      5.7900     1.0000446     1.0000446
      5.8900     1.0000465     1.0000465
      5.9900     1.0000418     1.0000418
      6.0900     1.0000387     1.0000387
      6.1900     1.0000376     1.0000376
      6.2900     1.0000377     1.0000377
      6.3900     1.0000379     1.0000379
      6.4900     1.0000378     1.0000378
      6.5900     1.0000384     1.0000384
      6.6900     1.0000392     1.0000392
      6.7900     1.0000395     1.0000395
      6.8900     1.0000395     1.0000395
      6.9900     1.0000390     1.0000390
      7.0900     1.0000389     1.0000389
      7.1900     1.0000389     1.0000389
      7.2900     1.0000389     1.0000389
      7.3900     1.0000392     1.0000392
      7.4900     1.0000391     1.0000391
      7.5900     1.0000395     1.0000395
      7.6900     1.0000396     1.0000396
      7.7900     1.0000387     1.0000387
      7.8900     1.0000389     1.0000389
      7.9900     1.0000389     1.0000389
      8.0900     1.0000390     1.0000390
      8.1900     1.0000391     1.0000391
      8.2900     1.0000392     1.0000392
      8.3900     1.0000387     1.0000387
      8.4900     1.0000386     1.0000386
      8.5900     1.0000386     1.0000386
      8.6900     1.0000386     1.0000386
      8.7900     1.0000387     1.0000387
      8.8900     1.0000387     1.0000387
      8.9900     1.0000387     1.0000387
      9.0900     1.0000387     1.0000387
      9.1900     1.0000387     1.0000387
      9.2900     1.0000387     1.0000387
      9.3900     1.0000387     1.0000387
      9.4900     1.0000387     1.0000387
      9.5900     1.0000387     1.0000387
      9.6900     1.0000387     1.0000387
      9.7900     1.0000387     1.0000387
      9.8900     1.0000387     1.0000387
      9.9900     1.0000387     1.0000387
