 ETA_AV=   7.057576E-02    7.057577E-02
       .0513      .0318327      .0318327
       .1154      .0318327      .0318327
       .1795      .0318327      .0318327
       .2436      .0318327      .0318327
       .3077      .0318327      .0318327
       .3718      .0318327      .0318327
       .4359      .0318327      .0318327
       .5000      .0318327      .0318327
       .5641      .0318327      .0318327
       .6282      .0318327      .0318327
       .7564      .0328309      .0501010
       .8846    11.2525200     7.4687670
      1.0128     9.2459330     6.5602150
      1.1410     3.0435880     3.1000490
      1.2692     1.3765780     1.8578380
      1.3974      .9112695     1.4851750
      1.5256      .8274680     1.5314290
      1.6538      .9573049     1.9393970
      1.7821     1.3271860     2.8743690
      1.9103     1.7941670     3.2779360
      2.0385     1.7159740     1.9341580
      2.1667     1.5166380     1.4475160
      2.2949     1.3869200     1.3148420
      2.4231     1.3228300     1.2951480
      2.5513     1.3073850     1.3255010
      2.6795     1.3200710     1.3716680
      2.8077     1.3321670     1.3902940
      2.9359     1.3080790     1.3324320
      3.0641     1.2633800     1.2603440
      3.1923     1.2256630     1.2139150
      3.3205     1.1985900     1.1875670
      3.4487     1.1795630     1.1735790
      3.5769     1.1650220     1.1651570
      3.7051     1.1518080     1.1568190
      3.8333     1.1382820     1.1451630
      3.9615     1.1257090     1.1307050
      4.0897     1.1152220     1.1170940
      4.2179     1.1068430     1.1066990
      4.3462     1.0988620     1.0979570
      4.4744     1.0917250     1.0908390
      4.6026     1.0851750     1.0846290
      4.7308     1.0791020     1.0788920
      4.8590     1.0735460     1.0735100
      4.9872     1.0686520     1.0686160
      5.1154     1.0644620     1.0643370
      5.2436     1.0608940     1.0606760
      5.3718     1.0578520     1.0575780
      5.5000     1.0552510     1.0549570
      5.6282     1.0530350     1.0527410
      5.7564     1.0511810     1.0508930
      5.8846     1.0496780     1.0493950
      6.0128     1.0485210     1.0482440
      6.1410     1.0477010     1.0474270
      6.2692     1.0472050     1.0469350
      6.3974     1.0470250     1.0467580
